<?xml version="1.0" encoding="UTF-8"?>
<testsuite name="Single Contract for Banking Products and Services" tests="1" skipped="0" failures="0" errors="0" timestamp="2021-03-18T14:21:57" hostname="SSMEDLAPPROEQ1" time="20.454">
  <properties/>
  <testcase name="View the document of contract" classname="Single Contract for Banking Products and Services" time="20.454"/>
  <system-out><![CDATA[]]></system-out>
  <system-err><![CDATA[mar 18, 2021 9:21:57 AM org.openqa.selenium.remote.DesiredCapabilities chrome
INFORMACIÓN: Using `new ChromeOptions()` is preferred to `DesiredCapabilities.chrome()`
Starting ChromeDriver 88.0.4324.96 (68dba2d8a0b149a1d3afac56fa74648032bcf46b-refs/branch-heads/4324@{#1784}) on port 14019
Only local connections are allowed.
Please see https://chromedriver.chromium.org/security-considerations for suggestions on keeping ChromeDriver safe.
ChromeDriver was started successfully.
[1616077319.594][WARNING]: This version of ChromeDriver has not been tested with Chrome version 89.
mar 18, 2021 9:21:59 AM org.openqa.selenium.remote.ProtocolHandshake createSession
INFORMACIÓN: Detected dialect: W3C
[Test worker] INFO net.serenitybdd.core.Serenity - 
        __    _____ _____ ____ _____   ____   _    ____  ____  _____ ____  
  _     \ \  |_   _| ____/ ___|_   _| |  _ \ / \  / ___|/ ___|| ____|  _ \ 
 (_)_____| |   | | |  _| \___ \ | |   | |_) / _ \ \___ \\___ \|  _| | | | |
  _|_____| |   | | | |___ ___) || |   |  __/ ___ \ ___) |___) | |___| |_| |
 (_)     | |   |_| |_____|____/ |_|   |_| /_/   \_\____/|____/|_____|____/ 
        /_/                                                                

TEST PASSED: View the document of contract
----------------------------------------------------------------------------
]]></system-err>
</testsuite>
